c:\users\tti13svesak\documents\github\peliohjelmointi\componentsys\obj\win32debug\vc120.pdb
c:\users\tti13svesak\documents\github\peliohjelmointi\componentsys\obj\win32debug\vc120.idb
c:\users\tti13svesak\documents\github\peliohjelmointi\componentsys\obj\win32debug\linit.obj
c:\users\tti13svesak\documents\github\peliohjelmointi\componentsys\obj\win32debug\liolib.obj
c:\users\tti13svesak\documents\github\peliohjelmointi\componentsys\obj\win32debug\llex.obj
c:\users\tti13svesak\documents\github\peliohjelmointi\componentsys\obj\win32debug\lmathlib.obj
c:\users\tti13svesak\documents\github\peliohjelmointi\componentsys\obj\win32debug\lmem.obj
c:\users\tti13svesak\documents\github\peliohjelmointi\componentsys\obj\win32debug\loadlib.obj
c:\users\tti13svesak\documents\github\peliohjelmointi\componentsys\obj\win32debug\lobject.obj
c:\users\tti13svesak\documents\github\peliohjelmointi\componentsys\obj\win32debug\lopcodes.obj
c:\users\tti13svesak\documents\github\peliohjelmointi\componentsys\obj\win32debug\loslib.obj
c:\users\tti13svesak\documents\github\peliohjelmointi\componentsys\obj\win32debug\lparser.obj
c:\users\tti13svesak\documents\github\peliohjelmointi\componentsys\obj\win32debug\lstate.obj
c:\users\tti13svesak\documents\github\peliohjelmointi\componentsys\obj\win32debug\lstring.obj
c:\users\tti13svesak\documents\github\peliohjelmointi\componentsys\obj\win32debug\lstrlib.obj
c:\users\tti13svesak\documents\github\peliohjelmointi\componentsys\obj\win32debug\ltable.obj
c:\users\tti13svesak\documents\github\peliohjelmointi\componentsys\obj\win32debug\ltablib.obj
c:\users\tti13svesak\documents\github\peliohjelmointi\componentsys\obj\win32debug\ltm.obj
c:\users\tti13svesak\documents\github\peliohjelmointi\componentsys\obj\win32debug\lundump.obj
c:\users\tti13svesak\documents\github\peliohjelmointi\componentsys\obj\win32debug\lutf8lib.obj
c:\users\tti13svesak\documents\github\peliohjelmointi\componentsys\obj\win32debug\lvm.obj
c:\users\tti13svesak\documents\github\peliohjelmointi\componentsys\obj\win32debug\lzio.obj
c:\users\tti13svesak\documents\github\peliohjelmointi\componentsys\obj\win32debug\lapi.obj
c:\users\tti13svesak\documents\github\peliohjelmointi\componentsys\obj\win32debug\lauxlib.obj
c:\users\tti13svesak\documents\github\peliohjelmointi\componentsys\obj\win32debug\lbaselib.obj
c:\users\tti13svesak\documents\github\peliohjelmointi\componentsys\obj\win32debug\lbitlib.obj
c:\users\tti13svesak\documents\github\peliohjelmointi\componentsys\obj\win32debug\lcode.obj
c:\users\tti13svesak\documents\github\peliohjelmointi\componentsys\obj\win32debug\lcorolib.obj
c:\users\tti13svesak\documents\github\peliohjelmointi\componentsys\obj\win32debug\lctype.obj
c:\users\tti13svesak\documents\github\peliohjelmointi\componentsys\obj\win32debug\ldblib.obj
c:\users\tti13svesak\documents\github\peliohjelmointi\componentsys\obj\win32debug\ldebug.obj
c:\users\tti13svesak\documents\github\peliohjelmointi\componentsys\obj\win32debug\ldo.obj
c:\users\tti13svesak\documents\github\peliohjelmointi\componentsys\obj\win32debug\ldump.obj
c:\users\tti13svesak\documents\github\peliohjelmointi\componentsys\obj\win32debug\lfunc.obj
c:\users\tti13svesak\documents\github\peliohjelmointi\componentsys\obj\win32debug\lgc.obj
c:\users\tti13svesak\documents\github\peliohjelmointi\componentsys\bin\win32debug\lua.lib
c:\users\tti13svesak\documents\github\peliohjelmointi\componentsys\bin/win32debug/lua.lib
c:\users\tti13svesak\documents\github\peliohjelmointi\componentsys\obj\win32debug\lua.tlog\cl.command.1.tlog
c:\users\tti13svesak\documents\github\peliohjelmointi\componentsys\obj\win32debug\lua.tlog\cl.read.1.tlog
c:\users\tti13svesak\documents\github\peliohjelmointi\componentsys\obj\win32debug\lua.tlog\cl.write.1.tlog
c:\users\tti13svesak\documents\github\peliohjelmointi\componentsys\obj\win32debug\lua.tlog\lib-link.read.1.tlog
c:\users\tti13svesak\documents\github\peliohjelmointi\componentsys\obj\win32debug\lua.tlog\lib-link.write.1.tlog
c:\users\tti13svesak\documents\github\peliohjelmointi\componentsys\obj\win32debug\lua.tlog\lib.command.1.tlog
